2024-09-28 12:41:33 - Starting ComHotelsServicesApplication using Java 17.0.6 with PID 1675 (/Users/alfredoleal/Desktop/Desarrollo/microservices-hotels-workspace/com-hotels-services/target/classes started by alfredoleal in /Users/alfredoleal/Desktop/Desarrollo/microservices-hotels-workspace/com-hotels-services)
2024-09-28 12:41:33 - No active profile set, falling back to 1 default profile: "default"
2024-09-28 12:41:33 - Bootstrapping Spring Data JPA repositories in DEFAULT mode.
2024-09-28 12:41:33 - Finished Spring Data repository scanning in 6 ms. Found 1 JPA repository interface.
2024-09-28 12:41:33 - Tomcat initialized with port 8080 (http)
2024-09-28 12:41:33 - Initializing ProtocolHandler ["http-nio-8080"]
2024-09-28 12:41:33 - Starting service [Tomcat]
2024-09-28 12:41:33 - Starting Servlet engine: [Apache Tomcat/10.1.30]
2024-09-28 12:41:33 - Initializing Spring embedded WebApplicationContext
2024-09-28 12:41:33 - Root WebApplicationContext: initialization completed in 248 ms
2024-09-28 12:41:33 - HHH000204: Processing PersistenceUnitInfo [name: default]
2024-09-28 12:41:33 - HHH000026: Second-level cache disabled
2024-09-28 12:41:33 - No LoadTimeWeaver setup: ignoring JPA class transformer
2024-09-28 12:41:33 - HikariPool-4 - Starting...
2024-09-28 12:41:33 - HikariPool-4 - Added connection com.mysql.cj.jdbc.ConnectionImpl@1a3a14d5
2024-09-28 12:41:33 - HikariPool-4 - Start completed.
2024-09-28 12:41:33 - HHH000182: No default (no-argument) constructor for class: com.hotelsbook.services.entity.HotelServiceEntity (class must be instantiated by Interceptor)
2024-09-28 12:41:33 - HHH000489: No JTA platform available (set 'hibernate.transaction.jta.platform' to enable JTA platform integration)
2024-09-28 12:41:33 - Initialized JPA EntityManagerFactory for persistence unit 'default'
2024-09-28 12:41:33 - spring.jpa.open-in-view is enabled by default. Therefore, database queries may be performed during view rendering. Explicitly configure spring.jpa.open-in-view to disable this warning
2024-09-28 12:41:33 - LiveReload server is running on port 35729
2024-09-28 12:41:33 - Starting ProtocolHandler ["http-nio-8080"]
2024-09-28 12:41:33 - Tomcat started on port 8080 (http) with context path '/'
2024-09-28 12:41:33 - Started ComHotelsServicesApplication in 0.537 seconds (process running for 343.638)
2024-09-28 12:41:33 - Condition evaluation unchanged
2024-09-28 12:41:37 - Application shutdown requested.
2024-09-28 12:41:37 - Stopping ProtocolHandler ["http-nio-8080"]
2024-09-28 12:41:37 - Closing JPA EntityManagerFactory for persistence unit 'default'
2024-09-28 12:41:37 - HikariPool-4 - Shutdown initiated...
2024-09-28 12:41:37 - HikariPool-4 - Shutdown completed.
2024-09-28 12:43:10 - Starting ComHotelsServicesApplication using Java 17.0.6 with PID 1869 (/Users/alfredoleal/Desktop/Desarrollo/microservices-hotels-workspace/com-hotels-services/target/classes started by alfredoleal in /Users/alfredoleal/Desktop/Desarrollo/microservices-hotels-workspace/com-hotels-services)
2024-09-28 12:43:10 - No active profile set, falling back to 1 default profile: "default"
2024-09-28 12:43:10 - Devtools property defaults active! Set 'spring.devtools.add-properties' to 'false' to disable
2024-09-28 12:43:10 - For additional web related logging consider setting the 'logging.level.web' property to 'DEBUG'
2024-09-28 12:43:11 - Bootstrapping Spring Data JPA repositories in DEFAULT mode.
2024-09-28 12:43:11 - Finished Spring Data repository scanning in 44 ms. Found 1 JPA repository interface.
2024-09-28 12:43:11 - Tomcat initialized with port 8080 (http)
2024-09-28 12:43:11 - Initializing ProtocolHandler ["http-nio-8080"]
2024-09-28 12:43:11 - Starting service [Tomcat]
2024-09-28 12:43:11 - Starting Servlet engine: [Apache Tomcat/10.1.30]
2024-09-28 12:43:11 - Initializing Spring embedded WebApplicationContext
2024-09-28 12:43:11 - Root WebApplicationContext: initialization completed in 1074 ms
2024-09-28 12:43:12 - HHH000204: Processing PersistenceUnitInfo [name: default]
2024-09-28 12:43:12 - HHH000412: Hibernate ORM core version 6.5.3.Final
2024-09-28 12:43:12 - HHH000026: Second-level cache disabled
2024-09-28 12:43:12 - No LoadTimeWeaver setup: ignoring JPA class transformer
2024-09-28 12:43:12 - HikariPool-1 - Starting...
2024-09-28 12:43:12 - HikariPool-1 - Added connection com.mysql.cj.jdbc.ConnectionImpl@427a2d6
2024-09-28 12:43:12 - HikariPool-1 - Start completed.
2024-09-28 12:43:13 - HHH000182: No default (no-argument) constructor for class: com.hotelsbook.services.entity.HotelServiceEntity (class must be instantiated by Interceptor)
2024-09-28 12:43:13 - HHH000489: No JTA platform available (set 'hibernate.transaction.jta.platform' to enable JTA platform integration)
2024-09-28 12:43:13 - Initialized JPA EntityManagerFactory for persistence unit 'default'
2024-09-28 12:43:13 - Hibernate is in classpath; If applicable, HQL parser will be used.
2024-09-28 12:43:13 - spring.jpa.open-in-view is enabled by default. Therefore, database queries may be performed during view rendering. Explicitly configure spring.jpa.open-in-view to disable this warning
2024-09-28 12:43:13 - LiveReload server is running on port 35729
2024-09-28 12:43:13 - Starting ProtocolHandler ["http-nio-8080"]
2024-09-28 12:43:13 - Tomcat started on port 8080 (http) with context path '/'
2024-09-28 12:43:13 - Started ComHotelsServicesApplication in 3.313 seconds (process running for 3.919)
2024-09-28 12:43:29 - Initializing Spring DispatcherServlet 'dispatcherServlet'
2024-09-28 12:43:29 - Initializing Servlet 'dispatcherServlet'
2024-09-28 12:43:29 - Completed initialization in 2 ms
2024-09-28 12:43:30 - 1
2024-09-28 12:43:30 - 1
2024-09-28 13:17:21 - Restarting due to 1 class path change (0 additions, 0 deletions, 1 modification)
2024-09-28 13:17:21 - Stopping ProtocolHandler ["http-nio-8080"]
2024-09-28 13:17:21 - Closing JPA EntityManagerFactory for persistence unit 'default'
2024-09-28 13:17:21 - HikariPool-1 - Shutdown initiated...
2024-09-28 13:17:21 - HikariPool-1 - Shutdown completed.
2024-09-28 13:17:21 - Starting ComHotelsServicesApplication using Java 17.0.6 with PID 1869 (/Users/alfredoleal/Desktop/Desarrollo/microservices-hotels-workspace/com-hotels-services/target/classes started by alfredoleal in /Users/alfredoleal/Desktop/Desarrollo/microservices-hotels-workspace/com-hotels-services)
2024-09-28 13:17:21 - No active profile set, falling back to 1 default profile: "default"
2024-09-28 13:17:21 - Bootstrapping Spring Data JPA repositories in DEFAULT mode.
2024-09-28 13:17:21 - Finished Spring Data repository scanning in 9 ms. Found 1 JPA repository interface.
2024-09-28 13:17:21 - Tomcat initialized with port 8080 (http)
2024-09-28 13:17:21 - Initializing ProtocolHandler ["http-nio-8080"]
2024-09-28 13:17:21 - Starting service [Tomcat]
2024-09-28 13:17:21 - Starting Servlet engine: [Apache Tomcat/10.1.30]
2024-09-28 13:17:21 - Initializing Spring embedded WebApplicationContext
2024-09-28 13:17:21 - Root WebApplicationContext: initialization completed in 306 ms
2024-09-28 13:17:21 - HHH000204: Processing PersistenceUnitInfo [name: default]
2024-09-28 13:17:21 - HHH000026: Second-level cache disabled
2024-09-28 13:17:21 - No LoadTimeWeaver setup: ignoring JPA class transformer
2024-09-28 13:17:21 - HikariPool-2 - Starting...
2024-09-28 13:17:21 - HikariPool-2 - Added connection com.mysql.cj.jdbc.ConnectionImpl@7adbb167
2024-09-28 13:17:21 - HikariPool-2 - Start completed.
2024-09-28 13:17:21 - HHH000182: No default (no-argument) constructor for class: com.hotelsbook.services.entity.HotelServiceEntity (class must be instantiated by Interceptor)
2024-09-28 13:17:21 - HHH000489: No JTA platform available (set 'hibernate.transaction.jta.platform' to enable JTA platform integration)
2024-09-28 13:17:21 - Initialized JPA EntityManagerFactory for persistence unit 'default'
2024-09-28 13:17:21 - spring.jpa.open-in-view is enabled by default. Therefore, database queries may be performed during view rendering. Explicitly configure spring.jpa.open-in-view to disable this warning
2024-09-28 13:17:21 - LiveReload server is running on port 35729
2024-09-28 13:17:22 - Starting ProtocolHandler ["http-nio-8080"]
2024-09-28 13:17:22 - Tomcat started on port 8080 (http) with context path '/'
2024-09-28 13:17:22 - Started ComHotelsServicesApplication in 0.618 seconds (process running for 2052.311)
2024-09-28 13:17:22 - Condition evaluation unchanged
2024-09-28 13:17:35 - Initializing Spring DispatcherServlet 'dispatcherServlet'
2024-09-28 13:17:35 - Initializing Servlet 'dispatcherServlet'
2024-09-28 13:17:35 - Completed initialization in 1 ms
2024-09-28 13:17:35 - 1
2024-09-28 13:17:35 - 1
2024-09-28 13:18:46 - 1
2024-09-28 13:18:46 - 1
2024-09-28 13:25:44 - Application shutdown requested.
2024-09-28 13:25:44 - Stopping ProtocolHandler ["http-nio-8080"]
2024-09-28 13:25:44 - Closing JPA EntityManagerFactory for persistence unit 'default'
2024-09-28 13:25:44 - HikariPool-2 - Shutdown initiated...
2024-09-28 13:25:44 - HikariPool-2 - Shutdown completed.
2024-09-28 13:36:19 - Starting ComHotelsServicesApplication using Java 17.0.6 with PID 2972 (/Users/alfredoleal/Desktop/Desarrollo/microservices-hotels-workspace/com-hotels-services/target/classes started by alfredoleal in /Users/alfredoleal/Desktop/Desarrollo/microservices-hotels-workspace/com-hotels-services)
2024-09-28 13:36:19 - No active profile set, falling back to 1 default profile: "default"
2024-09-28 13:36:19 - Devtools property defaults active! Set 'spring.devtools.add-properties' to 'false' to disable
2024-09-28 13:36:19 - For additional web related logging consider setting the 'logging.level.web' property to 'DEBUG'
2024-09-28 13:36:20 - Bootstrapping Spring Data JPA repositories in DEFAULT mode.
2024-09-28 13:36:20 - Finished Spring Data repository scanning in 46 ms. Found 1 JPA repository interface.
2024-09-28 13:36:20 - Tomcat initialized with port 8080 (http)
2024-09-28 13:36:20 - Initializing ProtocolHandler ["http-nio-8080"]
2024-09-28 13:36:20 - Starting service [Tomcat]
2024-09-28 13:36:20 - Starting Servlet engine: [Apache Tomcat/10.1.30]
2024-09-28 13:36:20 - Initializing Spring embedded WebApplicationContext
2024-09-28 13:36:20 - Root WebApplicationContext: initialization completed in 1090 ms
2024-09-28 13:36:20 - HHH000204: Processing PersistenceUnitInfo [name: default]
2024-09-28 13:36:20 - HHH000412: Hibernate ORM core version 6.5.3.Final
2024-09-28 13:36:20 - HHH000026: Second-level cache disabled
2024-09-28 13:36:21 - No LoadTimeWeaver setup: ignoring JPA class transformer
2024-09-28 13:36:21 - HikariPool-1 - Starting...
2024-09-28 13:36:21 - HikariPool-1 - Added connection com.mysql.cj.jdbc.ConnectionImpl@75151d93
2024-09-28 13:36:21 - HikariPool-1 - Start completed.
2024-09-28 13:36:21 - HHH000182: No default (no-argument) constructor for class: com.hotelsbook.services.entity.HotelServiceEntity (class must be instantiated by Interceptor)
2024-09-28 13:36:22 - HHH000489: No JTA platform available (set 'hibernate.transaction.jta.platform' to enable JTA platform integration)
2024-09-28 13:36:22 - Initialized JPA EntityManagerFactory for persistence unit 'default'
2024-09-28 13:36:22 - Hibernate is in classpath; If applicable, HQL parser will be used.
2024-09-28 13:36:22 - spring.jpa.open-in-view is enabled by default. Therefore, database queries may be performed during view rendering. Explicitly configure spring.jpa.open-in-view to disable this warning
2024-09-28 13:36:22 - Unable to start LiveReload server
2024-09-28 13:36:22 - Starting ProtocolHandler ["http-nio-8080"]
2024-09-28 13:36:22 - Tomcat started on port 8080 (http) with context path '/'
2024-09-28 13:36:22 - Started ComHotelsServicesApplication in 3.438 seconds (process running for 4.025)
2024-09-28 13:42:54 - Application shutdown requested.
2024-09-28 13:42:54 - Stopping ProtocolHandler ["http-nio-8080"]
2024-09-28 13:42:54 - Closing JPA EntityManagerFactory for persistence unit 'default'
2024-09-28 13:42:54 - HikariPool-1 - Shutdown initiated...
2024-09-28 13:42:54 - HikariPool-1 - Shutdown completed.
